<?xml version="1.0" encoding="UTF-8"?>
<testsuite name="PingPongTest" tests="2" skipped="0" failures="0" errors="0" timestamp="2017-07-19T12:56:34" hostname="kennedymemeti-AOD255E" time="0.029">
  <properties/>
  <testcase name="runPingPong_countUpToGivenNumber_ArrayList" classname="PingPongTest" time="0.014"/>
  <testcase name="runPingPong_countUpToOne_ArrayList" classname="PingPongTest" time="0.005"/>
  <system-out><![CDATA[]]></system-out>
  <system-err><![CDATA[]]></system-err>
</testsuite>
